[ 2025-12-27 22:10:51,355 ] 22 root - INFO - Data Ingesion has been started
[ 2025-12-27 22:10:51,355 ] 24 root - INFO - Data reading using Pandas from local file system
[ 2025-12-27 22:10:51,362 ] 26 root - INFO - Data Reading has been completed
[ 2025-12-27 22:10:51,397 ] 30 root - INFO - Raw data has been stored
[ 2025-12-27 22:10:51,398 ] 33 root - INFO - Raw data has been splitted into Train and Test set
[ 2025-12-27 22:10:51,432 ] 38 root - INFO - Data Ingestion has been completed!
[ 2025-12-27 22:10:51,433 ] 49 root - INFO - Created feature store configuration at /Users/nafiz/Desktop/MLOps/Data & Pipeline Versioning/mlops-code-structure/feature_repo/feature_store.yaml
[ 2025-12-27 22:10:51,433 ] 53 root - INFO - Configuration file content:
project: income_prediction
provider: local
registry: data/registry.db
online_store:
  type: sqlite
offline_store:
  type: file
entity_key_serialization_version: 2
[ 2025-12-27 22:10:51,645 ] 57 root - INFO - Feature store initialized successfully
[ 2025-12-27 22:10:51,652 ] 110 root - INFO - Read train and test data completed
[ 2025-12-27 22:10:51,652 ] 111 root - INFO - Obtaining preprocessing object
[ 2025-12-27 22:10:51,652 ] 65 root - INFO - Data Transformation Started
[ 2025-12-27 22:10:51,652 ] 126 root - INFO - Applying preprocessing object on training and testing datasets.
[ 2025-12-27 22:10:51,666 ] 131 root - INFO - Starting feature store operations
[ 2025-12-27 22:10:51,672 ] 176 root - INFO - Saved feature data to feature_repo/data/train_features.parquet
[ 2025-12-27 22:10:51,672 ] 997 feast.infra.registry.registry - INFO - Registry cache expired, so refreshing
[ 2025-12-27 22:10:51,676 ] 997 feast.infra.registry.registry - INFO - Registry cache expired, so refreshing
[ 2025-12-27 22:10:51,676 ] 215 root - INFO - Applied entity and feature view for train
[ 2025-12-27 22:10:51,676 ] 997 feast.infra.registry.registry - INFO - Registry cache expired, so refreshing
[ 2025-12-27 22:10:51,677 ] 997 feast.infra.registry.registry - INFO - Registry cache expired, so refreshing
[ 2025-12-27 22:10:51,677 ] 997 feast.infra.registry.registry - INFO - Registry cache expired, so refreshing
[ 2025-12-27 22:10:51,677 ] 997 feast.infra.registry.registry - INFO - Registry cache expired, so refreshing
[ 2025-12-27 22:10:51,677 ] 997 feast.infra.registry.registry - INFO - Registry cache expired, so refreshing
[ 2025-12-27 22:10:51,677 ] 997 feast.infra.registry.registry - INFO - Registry cache expired, so refreshing
[ 2025-12-27 22:10:51,677 ] 997 feast.infra.registry.registry - INFO - Registry cache expired, so refreshing
[ 2025-12-27 22:10:52,006 ] 997 feast.infra.registry.registry - INFO - Registry cache expired, so refreshing
[ 2025-12-27 22:10:52,006 ] 997 feast.infra.registry.registry - INFO - Registry cache expired, so refreshing
[ 2025-12-27 22:10:52,006 ] 997 feast.infra.registry.registry - INFO - Registry cache expired, so refreshing
[ 2025-12-27 22:10:52,006 ] 997 feast.infra.registry.registry - INFO - Registry cache expired, so refreshing
[ 2025-12-27 22:10:53,341 ] 222 root - INFO - Materialized features successfully
[ 2025-12-27 22:10:53,341 ] 135 root - INFO - Pushed training data to feature store
[ 2025-12-27 22:10:53,344 ] 176 root - INFO - Saved feature data to feature_repo/data/test_features.parquet
[ 2025-12-27 22:10:53,344 ] 997 feast.infra.registry.registry - INFO - Registry cache expired, so refreshing
[ 2025-12-27 22:10:53,346 ] 997 feast.infra.registry.registry - INFO - Registry cache expired, so refreshing
[ 2025-12-27 22:10:53,346 ] 215 root - INFO - Applied entity and feature view for test
[ 2025-12-27 22:10:53,346 ] 997 feast.infra.registry.registry - INFO - Registry cache expired, so refreshing
[ 2025-12-27 22:10:53,346 ] 997 feast.infra.registry.registry - INFO - Registry cache expired, so refreshing
[ 2025-12-27 22:10:53,346 ] 997 feast.infra.registry.registry - INFO - Registry cache expired, so refreshing
[ 2025-12-27 22:10:53,347 ] 997 feast.infra.registry.registry - INFO - Registry cache expired, so refreshing
[ 2025-12-27 22:10:53,347 ] 997 feast.infra.registry.registry - INFO - Registry cache expired, so refreshing
[ 2025-12-27 22:10:53,347 ] 997 feast.infra.registry.registry - INFO - Registry cache expired, so refreshing
[ 2025-12-27 22:10:53,347 ] 997 feast.infra.registry.registry - INFO - Registry cache expired, so refreshing
[ 2025-12-27 22:10:54,615 ] 997 feast.infra.registry.registry - INFO - Registry cache expired, so refreshing
[ 2025-12-27 22:10:54,616 ] 997 feast.infra.registry.registry - INFO - Registry cache expired, so refreshing
[ 2025-12-27 22:10:54,616 ] 997 feast.infra.registry.registry - INFO - Registry cache expired, so refreshing
[ 2025-12-27 22:10:54,616 ] 997 feast.infra.registry.registry - INFO - Registry cache expired, so refreshing
[ 2025-12-27 22:10:54,918 ] 222 root - INFO - Materialized features successfully
[ 2025-12-27 22:10:54,918 ] 138 root - INFO - Pushed testing data to feature store
[ 2025-12-27 22:10:55,194 ] 123 root - INFO - Starting model training pipeline
[ 2025-12-27 22:10:55,194 ] 166 root - INFO - Training RandomForest
[ 2025-12-27 22:10:55,270 ] 52 root - INFO - Started Training RandomForest
[ 2025-12-27 22:11:14,209 ] 73 root - INFO - Best Paramaters for RandomForest: {'best_class_weight': 'balanced', 'best_max_depth': 10, 'best_min_samples_split': 5, 'best_n_estimators': 30}
[ 2025-12-27 22:11:18,422 ] 114 root - INFO - Completed Training RandomForest
[ 2025-12-27 22:11:18,435 ] 166 root - INFO - Training DecisionTree
[ 2025-12-27 22:11:18,440 ] 52 root - INFO - Started Training DecisionTree
[ 2025-12-27 22:11:21,564 ] 73 root - INFO - Best Paramaters for DecisionTree: {'best_class_weight': 'balanced', 'best_criterion': 'entropy', 'best_max_depth': 6, 'best_min_samples_split': 2}
[ 2025-12-27 22:11:23,085 ] 114 root - INFO - Completed Training DecisionTree
[ 2025-12-27 22:11:23,093 ] 166 root - INFO - Training LogisticRegression
[ 2025-12-27 22:11:23,098 ] 52 root - INFO - Started Training LogisticRegression
[ 2025-12-27 22:11:24,047 ] 73 root - INFO - Best Paramaters for LogisticRegression: {'best_C': 10, 'best_class_weight': 'balanced', 'best_solver': 'liblinear'}
[ 2025-12-27 22:11:25,427 ] 114 root - INFO - Completed Training LogisticRegression
[ 2025-12-27 22:11:25,435 ] 183 root - INFO - Best model: RandomForest with accuracy:0.8048555623847572
