[ 2025-12-23 12:09:57,128 ] 24 root - INFO - Data Ingestion started
[ 2025-12-23 12:09:57,128 ] 26 root - INFO - Start reading the dataset from local source using Pandas
[ 2025-12-23 12:09:57,149 ] 28 root - INFO - Dataset read successfully
[ 2025-12-23 12:09:57,219 ] 32 root - INFO - Raw data has been stored successfully
[ 2025-12-23 12:09:57,224 ] 35 root - INFO - Raw data has been splitted into train and test sets
[ 2025-12-23 12:09:57,276 ] 39 root - INFO - Data ingestion completed successfully
[ 2025-12-23 12:09:57,277 ] 49 root - INFO - Created feature store configuration at /Users/nafiz/Desktop/MLOps Course/Data and Pipeline Versioning/mlops-project-structure/feature_repo/feature_store.yaml
[ 2025-12-23 12:09:57,277 ] 53 root - INFO - Configuration file content:
project: income_prediction
provider: local
registry: data/registry.db
online_store:
  type: sqlite
offline_store:
  type: file
entity_key_serialization_version: 2
[ 2025-12-23 12:10:02,069 ] 264 feast.infra.registry.registry - INFO - Registry file not found. Creating new registry.
[ 2025-12-23 12:10:02,072 ] 57 root - INFO - Feature store initialized successfully
[ 2025-12-23 12:10:02,093 ] 110 root - INFO - Read train and test data completed
[ 2025-12-23 12:10:02,094 ] 111 root - INFO - Obtaining preprocessing object
[ 2025-12-23 12:10:02,094 ] 65 root - INFO - Data Transformation Started
[ 2025-12-23 12:10:02,096 ] 126 root - INFO - Applying preprocessing object on training and testing datasets.
[ 2025-12-23 12:10:02,096 ] 151 root - ERROR - Error in data transformation: A given column is not a column of the dataframe
[ 2025-12-23 12:10:02,096 ] 48 root - ERROR - 
Error occured in Pytthon script:
-> File name: /Users/nafiz/Desktop/MLOps Course/Data and Pipeline Versioning/mlops-project-structure/src/components/data_transformation.py
-> Line number: 128
-> Error massage: A given column is not a column of the dataframe
