[ 2025-12-27 22:05:53,810 ] 23 root - INFO - Data Ingesion has been started
[ 2025-12-27 22:05:53,810 ] 25 root - INFO - Data reading using Pandas from local file system
[ 2025-12-27 22:05:53,817 ] 27 root - INFO - Data Reading has been completed
[ 2025-12-27 22:05:53,852 ] 31 root - INFO - Raw data has been stored
[ 2025-12-27 22:05:53,853 ] 34 root - INFO - Raw data has been splitted into Train and Test set
[ 2025-12-27 22:05:53,888 ] 39 root - INFO - Data Ingestion has been completed!
[ 2025-12-27 22:05:53,888 ] 49 root - INFO - Created feature store configuration at /Users/nafiz/Desktop/MLOps/Data & Pipeline Versioning/mlops-code-structure/feature_repo/feature_store.yaml
[ 2025-12-27 22:05:53,888 ] 53 root - INFO - Configuration file content:
project: income_prediction
provider: local
registry: data/registry.db
online_store:
  type: sqlite
offline_store:
  type: file
entity_key_serialization_version: 2
[ 2025-12-27 22:05:54,130 ] 57 root - INFO - Feature store initialized successfully
[ 2025-12-27 22:05:54,137 ] 110 root - INFO - Read train and test data completed
[ 2025-12-27 22:05:54,137 ] 111 root - INFO - Obtaining preprocessing object
[ 2025-12-27 22:05:54,138 ] 65 root - INFO - Data Transformation Started
[ 2025-12-27 22:05:54,138 ] 126 root - INFO - Applying preprocessing object on training and testing datasets.
[ 2025-12-27 22:05:54,152 ] 131 root - INFO - Starting feature store operations
[ 2025-12-27 22:05:54,158 ] 176 root - INFO - Saved feature data to feature_repo/data/train_features.parquet
[ 2025-12-27 22:05:54,158 ] 997 feast.infra.registry.registry - INFO - Registry cache expired, so refreshing
[ 2025-12-27 22:05:54,163 ] 997 feast.infra.registry.registry - INFO - Registry cache expired, so refreshing
[ 2025-12-27 22:05:54,163 ] 215 root - INFO - Applied entity and feature view for train
[ 2025-12-27 22:05:54,163 ] 997 feast.infra.registry.registry - INFO - Registry cache expired, so refreshing
[ 2025-12-27 22:05:54,164 ] 997 feast.infra.registry.registry - INFO - Registry cache expired, so refreshing
[ 2025-12-27 22:05:54,164 ] 997 feast.infra.registry.registry - INFO - Registry cache expired, so refreshing
[ 2025-12-27 22:05:54,164 ] 997 feast.infra.registry.registry - INFO - Registry cache expired, so refreshing
[ 2025-12-27 22:05:54,164 ] 997 feast.infra.registry.registry - INFO - Registry cache expired, so refreshing
[ 2025-12-27 22:05:54,164 ] 997 feast.infra.registry.registry - INFO - Registry cache expired, so refreshing
[ 2025-12-27 22:05:54,164 ] 997 feast.infra.registry.registry - INFO - Registry cache expired, so refreshing
[ 2025-12-27 22:05:54,488 ] 997 feast.infra.registry.registry - INFO - Registry cache expired, so refreshing
[ 2025-12-27 22:05:54,488 ] 997 feast.infra.registry.registry - INFO - Registry cache expired, so refreshing
[ 2025-12-27 22:05:54,488 ] 997 feast.infra.registry.registry - INFO - Registry cache expired, so refreshing
[ 2025-12-27 22:05:54,488 ] 997 feast.infra.registry.registry - INFO - Registry cache expired, so refreshing
[ 2025-12-27 22:05:55,838 ] 222 root - INFO - Materialized features successfully
[ 2025-12-27 22:05:55,838 ] 135 root - INFO - Pushed training data to feature store
[ 2025-12-27 22:05:55,841 ] 176 root - INFO - Saved feature data to feature_repo/data/test_features.parquet
[ 2025-12-27 22:05:55,841 ] 997 feast.infra.registry.registry - INFO - Registry cache expired, so refreshing
[ 2025-12-27 22:05:55,843 ] 997 feast.infra.registry.registry - INFO - Registry cache expired, so refreshing
[ 2025-12-27 22:05:55,843 ] 215 root - INFO - Applied entity and feature view for test
[ 2025-12-27 22:05:55,843 ] 997 feast.infra.registry.registry - INFO - Registry cache expired, so refreshing
[ 2025-12-27 22:05:55,843 ] 997 feast.infra.registry.registry - INFO - Registry cache expired, so refreshing
[ 2025-12-27 22:05:55,843 ] 997 feast.infra.registry.registry - INFO - Registry cache expired, so refreshing
[ 2025-12-27 22:05:55,843 ] 997 feast.infra.registry.registry - INFO - Registry cache expired, so refreshing
[ 2025-12-27 22:05:55,844 ] 997 feast.infra.registry.registry - INFO - Registry cache expired, so refreshing
[ 2025-12-27 22:05:55,844 ] 997 feast.infra.registry.registry - INFO - Registry cache expired, so refreshing
[ 2025-12-27 22:05:55,844 ] 997 feast.infra.registry.registry - INFO - Registry cache expired, so refreshing
[ 2025-12-27 22:05:57,090 ] 997 feast.infra.registry.registry - INFO - Registry cache expired, so refreshing
[ 2025-12-27 22:05:57,091 ] 997 feast.infra.registry.registry - INFO - Registry cache expired, so refreshing
[ 2025-12-27 22:05:57,091 ] 997 feast.infra.registry.registry - INFO - Registry cache expired, so refreshing
[ 2025-12-27 22:05:57,091 ] 997 feast.infra.registry.registry - INFO - Registry cache expired, so refreshing
[ 2025-12-27 22:05:57,395 ] 222 root - INFO - Materialized features successfully
[ 2025-12-27 22:05:57,395 ] 138 root - INFO - Pushed testing data to feature store
