[ 2025-12-27 22:07:47,711 ] 22 root - INFO - Data Ingesion has been started
[ 2025-12-27 22:07:47,712 ] 24 root - INFO - Data reading using Pandas from local file system
[ 2025-12-27 22:07:47,719 ] 26 root - INFO - Data Reading has been completed
[ 2025-12-27 22:07:47,754 ] 30 root - INFO - Raw data has been stored
[ 2025-12-27 22:07:47,755 ] 33 root - INFO - Raw data has been splitted into Train and Test set
[ 2025-12-27 22:07:47,790 ] 38 root - INFO - Data Ingestion has been completed!
[ 2025-12-27 22:07:47,790 ] 49 root - INFO - Created feature store configuration at /Users/nafiz/Desktop/MLOps/Data & Pipeline Versioning/mlops-code-structure/feature_repo/feature_store.yaml
[ 2025-12-27 22:07:47,790 ] 53 root - INFO - Configuration file content:
project: income_prediction
provider: local
registry: data/registry.db
online_store:
  type: sqlite
offline_store:
  type: file
entity_key_serialization_version: 2
[ 2025-12-27 22:07:48,002 ] 57 root - INFO - Feature store initialized successfully
[ 2025-12-27 22:07:48,009 ] 110 root - INFO - Read train and test data completed
[ 2025-12-27 22:07:48,009 ] 111 root - INFO - Obtaining preprocessing object
[ 2025-12-27 22:07:48,009 ] 65 root - INFO - Data Transformation Started
[ 2025-12-27 22:07:48,009 ] 126 root - INFO - Applying preprocessing object on training and testing datasets.
[ 2025-12-27 22:07:48,023 ] 131 root - INFO - Starting feature store operations
[ 2025-12-27 22:07:48,029 ] 176 root - INFO - Saved feature data to feature_repo/data/train_features.parquet
[ 2025-12-27 22:07:48,029 ] 997 feast.infra.registry.registry - INFO - Registry cache expired, so refreshing
[ 2025-12-27 22:07:48,033 ] 997 feast.infra.registry.registry - INFO - Registry cache expired, so refreshing
[ 2025-12-27 22:07:48,033 ] 215 root - INFO - Applied entity and feature view for train
[ 2025-12-27 22:07:48,033 ] 997 feast.infra.registry.registry - INFO - Registry cache expired, so refreshing
[ 2025-12-27 22:07:48,034 ] 997 feast.infra.registry.registry - INFO - Registry cache expired, so refreshing
[ 2025-12-27 22:07:48,034 ] 997 feast.infra.registry.registry - INFO - Registry cache expired, so refreshing
[ 2025-12-27 22:07:48,034 ] 997 feast.infra.registry.registry - INFO - Registry cache expired, so refreshing
[ 2025-12-27 22:07:48,034 ] 997 feast.infra.registry.registry - INFO - Registry cache expired, so refreshing
[ 2025-12-27 22:07:48,035 ] 997 feast.infra.registry.registry - INFO - Registry cache expired, so refreshing
[ 2025-12-27 22:07:48,035 ] 997 feast.infra.registry.registry - INFO - Registry cache expired, so refreshing
[ 2025-12-27 22:07:48,356 ] 997 feast.infra.registry.registry - INFO - Registry cache expired, so refreshing
[ 2025-12-27 22:07:48,357 ] 997 feast.infra.registry.registry - INFO - Registry cache expired, so refreshing
[ 2025-12-27 22:07:48,357 ] 997 feast.infra.registry.registry - INFO - Registry cache expired, so refreshing
[ 2025-12-27 22:07:48,357 ] 997 feast.infra.registry.registry - INFO - Registry cache expired, so refreshing
[ 2025-12-27 22:07:49,705 ] 222 root - INFO - Materialized features successfully
[ 2025-12-27 22:07:49,705 ] 135 root - INFO - Pushed training data to feature store
[ 2025-12-27 22:07:49,707 ] 176 root - INFO - Saved feature data to feature_repo/data/test_features.parquet
[ 2025-12-27 22:07:49,708 ] 997 feast.infra.registry.registry - INFO - Registry cache expired, so refreshing
[ 2025-12-27 22:07:49,709 ] 997 feast.infra.registry.registry - INFO - Registry cache expired, so refreshing
[ 2025-12-27 22:07:49,709 ] 215 root - INFO - Applied entity and feature view for test
[ 2025-12-27 22:07:49,709 ] 997 feast.infra.registry.registry - INFO - Registry cache expired, so refreshing
[ 2025-12-27 22:07:49,710 ] 997 feast.infra.registry.registry - INFO - Registry cache expired, so refreshing
[ 2025-12-27 22:07:49,710 ] 997 feast.infra.registry.registry - INFO - Registry cache expired, so refreshing
[ 2025-12-27 22:07:49,710 ] 997 feast.infra.registry.registry - INFO - Registry cache expired, so refreshing
[ 2025-12-27 22:07:49,710 ] 997 feast.infra.registry.registry - INFO - Registry cache expired, so refreshing
[ 2025-12-27 22:07:49,710 ] 997 feast.infra.registry.registry - INFO - Registry cache expired, so refreshing
[ 2025-12-27 22:07:49,710 ] 997 feast.infra.registry.registry - INFO - Registry cache expired, so refreshing
[ 2025-12-27 22:07:50,964 ] 997 feast.infra.registry.registry - INFO - Registry cache expired, so refreshing
[ 2025-12-27 22:07:50,964 ] 997 feast.infra.registry.registry - INFO - Registry cache expired, so refreshing
[ 2025-12-27 22:07:50,964 ] 997 feast.infra.registry.registry - INFO - Registry cache expired, so refreshing
[ 2025-12-27 22:07:50,964 ] 997 feast.infra.registry.registry - INFO - Registry cache expired, so refreshing
[ 2025-12-27 22:07:51,263 ] 222 root - INFO - Materialized features successfully
[ 2025-12-27 22:07:51,263 ] 138 root - INFO - Pushed testing data to feature store
