[ 2025-12-27 21:58:51,346 ] 23 root - INFO - Data Ingesion has been started
[ 2025-12-27 21:58:51,346 ] 25 root - INFO - Data reading using Pandas from local file system
[ 2025-12-27 21:58:51,353 ] 27 root - INFO - Data Reading has been completed
[ 2025-12-27 21:58:51,386 ] 31 root - INFO - Raw data has been stored
[ 2025-12-27 21:58:51,388 ] 34 root - INFO - Raw data has been splitted into Train and Test set
[ 2025-12-27 21:58:51,422 ] 39 root - INFO - Data Ingestion has been completed!
[ 2025-12-27 21:58:51,422 ] 49 root - INFO - Created feature store configuration at /Users/nafiz/Desktop/MLOps/Data & Pipeline Versioning/mlops-code-structure/feature_repo/feature_store.yaml
[ 2025-12-27 21:58:51,422 ] 53 root - INFO - Configuration file content:
project: income_prediction
provider: local
registry: data/registry.db
online_store:
  type: sqlite
offline_store:
  type: file
entity_key_serialization_version: 2
[ 2025-12-27 21:58:51,664 ] 57 root - INFO - Feature store initialized successfully
[ 2025-12-27 21:58:51,671 ] 110 root - INFO - Read train and test data completed
[ 2025-12-27 21:58:51,671 ] 111 root - INFO - Obtaining preprocessing object
[ 2025-12-27 21:58:51,671 ] 65 root - INFO - Data Transformation Started
[ 2025-12-27 21:58:51,672 ] 126 root - INFO - Applying preprocessing object on training and testing datasets.
[ 2025-12-27 21:58:51,685 ] 131 root - INFO - Starting feature store operations
[ 2025-12-27 21:58:51,691 ] 176 root - INFO - Saved feature data to feature_repo/data/train_features.parquet
[ 2025-12-27 21:58:51,691 ] 997 feast.infra.registry.registry - INFO - Registry cache expired, so refreshing
[ 2025-12-27 21:58:51,696 ] 997 feast.infra.registry.registry - INFO - Registry cache expired, so refreshing
[ 2025-12-27 21:58:51,696 ] 215 root - INFO - Applied entity and feature view for train
[ 2025-12-27 21:58:51,696 ] 997 feast.infra.registry.registry - INFO - Registry cache expired, so refreshing
[ 2025-12-27 21:58:51,697 ] 997 feast.infra.registry.registry - INFO - Registry cache expired, so refreshing
[ 2025-12-27 21:58:51,697 ] 997 feast.infra.registry.registry - INFO - Registry cache expired, so refreshing
[ 2025-12-27 21:58:51,697 ] 997 feast.infra.registry.registry - INFO - Registry cache expired, so refreshing
[ 2025-12-27 21:58:51,697 ] 997 feast.infra.registry.registry - INFO - Registry cache expired, so refreshing
[ 2025-12-27 21:58:51,697 ] 997 feast.infra.registry.registry - INFO - Registry cache expired, so refreshing
[ 2025-12-27 21:58:51,697 ] 997 feast.infra.registry.registry - INFO - Registry cache expired, so refreshing
[ 2025-12-27 21:58:52,019 ] 997 feast.infra.registry.registry - INFO - Registry cache expired, so refreshing
[ 2025-12-27 21:58:52,019 ] 997 feast.infra.registry.registry - INFO - Registry cache expired, so refreshing
[ 2025-12-27 21:58:52,019 ] 997 feast.infra.registry.registry - INFO - Registry cache expired, so refreshing
[ 2025-12-27 21:58:52,019 ] 997 feast.infra.registry.registry - INFO - Registry cache expired, so refreshing
[ 2025-12-27 21:58:53,350 ] 222 root - INFO - Materialized features successfully
[ 2025-12-27 21:58:53,350 ] 135 root - INFO - Pushed training data to feature store
[ 2025-12-27 21:58:53,352 ] 176 root - INFO - Saved feature data to feature_repo/data/test_features.parquet
[ 2025-12-27 21:58:53,353 ] 997 feast.infra.registry.registry - INFO - Registry cache expired, so refreshing
[ 2025-12-27 21:58:53,354 ] 997 feast.infra.registry.registry - INFO - Registry cache expired, so refreshing
[ 2025-12-27 21:58:53,354 ] 215 root - INFO - Applied entity and feature view for test
[ 2025-12-27 21:58:53,354 ] 997 feast.infra.registry.registry - INFO - Registry cache expired, so refreshing
[ 2025-12-27 21:58:53,355 ] 997 feast.infra.registry.registry - INFO - Registry cache expired, so refreshing
[ 2025-12-27 21:58:53,355 ] 997 feast.infra.registry.registry - INFO - Registry cache expired, so refreshing
[ 2025-12-27 21:58:53,355 ] 997 feast.infra.registry.registry - INFO - Registry cache expired, so refreshing
[ 2025-12-27 21:58:53,355 ] 997 feast.infra.registry.registry - INFO - Registry cache expired, so refreshing
[ 2025-12-27 21:58:53,355 ] 997 feast.infra.registry.registry - INFO - Registry cache expired, so refreshing
[ 2025-12-27 21:58:53,355 ] 997 feast.infra.registry.registry - INFO - Registry cache expired, so refreshing
[ 2025-12-27 21:58:54,627 ] 997 feast.infra.registry.registry - INFO - Registry cache expired, so refreshing
[ 2025-12-27 21:58:54,627 ] 997 feast.infra.registry.registry - INFO - Registry cache expired, so refreshing
[ 2025-12-27 21:58:54,628 ] 997 feast.infra.registry.registry - INFO - Registry cache expired, so refreshing
[ 2025-12-27 21:58:54,628 ] 997 feast.infra.registry.registry - INFO - Registry cache expired, so refreshing
[ 2025-12-27 21:58:54,922 ] 222 root - INFO - Materialized features successfully
[ 2025-12-27 21:58:54,922 ] 138 root - INFO - Pushed testing data to feature store
